# JRE version: Java(TM) SE Runtime Environment (12.0.2+10) (build 12.0.2+10)
# Java VM: Java HotSpot(TM) 64-Bit Server VM (12.0.2+10, mixed mode, sharing, tiered, compressed oops, g1 gc, windows-amd64)
Heap:
 garbage-first heap   total 286720K, used 35919K [0x00000000a0c00000, 0x0000000100000000)
  region size 1024K, 10 young (10240K), 2 survivors (2048K)
 Metaspace       used 24582K, capacity 25214K, committed 25340K, reserved 1071104K
  class space    used 2758K, capacity 3003K, committed 3072K, reserved 1048576K
GC Heap History (10 events):
Event: 846.581 GC heap before
{Heap before GC invocations=28 (full 0):
 garbage-first heap   total 105472K, used 26477K [0x00000000a0c00000, 0x0000000100000000)
  region size 1024K, 5 young (5120K), 1 survivors (1024K)
 Metaspace       used 22731K, capacity 23463K, committed 23548K, reserved 1071104K
  class space    used 2573K, capacity 2809K, committed 2816K, reserved 1048576K
}
Event: 847.056 GC heap after
{Heap after GC invocations=29 (full 0):
 garbage-first heap   total 105472K, used 24372K [0x00000000a0c00000, 0x0000000100000000)
  region size 1024K, 1 young (1024K), 1 survivors (1024K)
 Metaspace       used 22731K, capacity 23463K, committed 23548K, reserved 1071104K
  class space    used 2573K, capacity 2809K, committed 2816K, reserved 1048576K
}
Event: 847.569 GC heap before
{Heap before GC invocations=29 (full 0):
 garbage-first heap   total 105472K, used 28468K [0x00000000a0c00000, 0x0000000100000000)
  region size 1024K, 5 young (5120K), 1 survivors (1024K)
 Metaspace       used 22751K, capacity 23477K, committed 23548K, reserved 1071104K
  class space    used 2576K, capacity 2814K, committed 2816K, reserved 1048576K
}
Event: 847.579 GC heap after
{Heap after GC invocations=30 (full 0):
 garbage-first heap   total 105472K, used 25036K [0x00000000a0c00000, 0x0000000100000000)
  region size 1024K, 1 young (1024K), 1 survivors (1024K)
 Metaspace       used 22751K, capacity 23477K, committed 23548K, reserved 1071104K
  class space    used 2576K, capacity 2814K, committed 2816K, reserved 1048576K
}
Event: 849.225 GC heap before
{Heap before GC invocations=30 (full 0):
 garbage-first heap   total 105472K, used 29132K [0x00000000a0c00000, 0x0000000100000000)
  region size 1024K, 5 young (5120K), 1 survivors (1024K)
 Metaspace       used 22752K, capacity 23477K, committed 23548K, reserved 1071104K
  class space    used 2576K, capacity 2814K, committed 2816K, reserved 1048576K
}
Event: 849.906 GC heap after
{Heap after GC invocations=31 (full 0):
 garbage-first heap   total 105472K, used 25929K [0x00000000a0c00000, 0x0000000100000000)
  region size 1024K, 1 young (1024K), 1 survivors (1024K)
 Metaspace       used 22752K, capacity 23477K, committed 23548K, reserved 1071104K
  class space    used 2576K, capacity 2814K, committed 2816K, reserved 1048576K
}
Event: 864.497 GC heap before
{Heap before GC invocations=31 (full 0):
 garbage-first heap   total 105472K, used 30025K [0x00000000a0c00000, 0x0000000100000000)
  region size 1024K, 5 young (5120K), 1 survivors (1024K)
 Metaspace       used 22840K, capacity 23550K, committed 23804K, reserved 1071104K
  class space    used 2577K, capacity 2816K, committed 2816K, reserved 1048576K
}
Event: 873.327 GC heap after
{Heap after GC invocations=32 (full 0):
 garbage-first heap   total 286720K, used 26899K [0x00000000a0c00000, 0x0000000100000000)
  region size 1024K, 1 young (1024K), 1 survivors (1024K)
 Metaspace       used 22840K, capacity 23550K, committed 23804K, reserved 1071104K
  class space    used 2577K, capacity 2816K, committed 2816K, reserved 1048576K
}
Event: 1016.731 GC heap before
{Heap before GC invocations=32 (full 0):
 garbage-first heap   total 286720K, used 40211K [0x00000000a0c00000, 0x0000000100000000)
  region size 1024K, 14 young (14336K), 1 survivors (1024K)
 Metaspace       used 24369K, capacity 25008K, committed 25084K, reserved 1071104K
  class space    used 2749K, capacity 3001K, committed 3072K, reserved 1048576K
}
Event: 1016.854 GC heap after
{Heap after GC invocations=33 (full 0):
 garbage-first heap   total 286720K, used 28751K [0x00000000a0c00000, 0x0000000100000000)
  region size 1024K, 2 young (2048K), 2 survivors (2048K)
 Metaspace       used 24369K, capacity 25008K, committed 25084K, reserved 1071104K
  class space    used 2749K, capacity 3001K, committed 3072K, reserved 1048576K
}

