# JRE version: Java(TM) SE Runtime Environment (12.0.2+10) (build 12.0.2+10)
# Java VM: Java HotSpot(TM) 64-Bit Server VM (12.0.2+10, mixed mode, sharing, tiered, compressed oops, g1 gc, windows-amd64)
Heap:
 garbage-first heap   total 278528K, used 29347K [0x00000000a0c00000, 0x0000000100000000)
  region size 1024K, 1 young (1024K), 1 survivors (1024K)
 Metaspace       used 24499K, capacity 25148K, committed 25340K, reserved 1071104K
  class space    used 2756K, capacity 3002K, committed 3072K, reserved 1048576K
GC Heap History (10 events):
Event: 875.958 GC heap after
{Heap after GC invocations=32 (full 0):
 garbage-first heap   total 93184K, used 23775K [0x00000000a0c00000, 0x0000000100000000)
  region size 1024K, 1 young (1024K), 1 survivors (1024K)
 Metaspace       used 22656K, capacity 23450K, committed 23548K, reserved 1071104K
  class space    used 2567K, capacity 2804K, committed 2816K, reserved 1048576K
}
Event: 877.746 GC heap before
{Heap before GC invocations=32 (full 0):
 garbage-first heap   total 93184K, used 26847K [0x00000000a0c00000, 0x0000000100000000)
  region size 1024K, 4 young (4096K), 1 survivors (1024K)
 Metaspace       used 22715K, capacity 23463K, committed 23548K, reserved 1071104K
  class space    used 2573K, capacity 2809K, committed 2816K, reserved 1048576K
}
Event: 880.562 GC heap after
{Heap after GC invocations=33 (full 0):
 garbage-first heap   total 194560K, used 24585K [0x00000000a0c00000, 0x0000000100000000)
  region size 1024K, 1 young (1024K), 1 survivors (1024K)
 Metaspace       used 22715K, capacity 23463K, committed 23548K, reserved 1071104K
  class space    used 2573K, capacity 2809K, committed 2816K, reserved 1048576K
}
Event: 883.018 GC heap before
{Heap before GC invocations=33 (full 0):
 garbage-first heap   total 194560K, used 31753K [0x00000000a0c00000, 0x0000000100000000)
  region size 1024K, 9 young (9216K), 1 survivors (1024K)
 Metaspace       used 22758K, capacity 23547K, committed 23804K, reserved 1071104K
  class space    used 2577K, capacity 2816K, committed 2816K, reserved 1048576K
}
Event: 884.469 GC heap after
{Heap after GC invocations=34 (full 0):
 garbage-first heap   total 194560K, used 26020K [0x00000000a0c00000, 0x0000000100000000)
  region size 1024K, 2 young (2048K), 2 survivors (2048K)
 Metaspace       used 22758K, capacity 23547K, committed 23804K, reserved 1071104K
  class space    used 2577K, capacity 2816K, committed 2816K, reserved 1048576K
}
Event: 931.431 GC heap before
{Heap before GC invocations=34 (full 0):
 garbage-first heap   total 194560K, used 33188K [0x00000000a0c00000, 0x0000000100000000)
  region size 1024K, 9 young (9216K), 2 survivors (2048K)
 Metaspace       used 22927K, capacity 23688K, committed 23932K, reserved 1071104K
  class space    used 2593K, capacity 2819K, committed 2944K, reserved 1048576K
}
Event: 933.230 GC heap after
{Heap after GC invocations=35 (full 0):
 garbage-first heap   total 194560K, used 27573K [0x00000000a0c00000, 0x0000000100000000)
  region size 1024K, 2 young (2048K), 2 survivors (2048K)
 Metaspace       used 22927K, capacity 23688K, committed 23932K, reserved 1071104K
  class space    used 2593K, capacity 2819K, committed 2944K, reserved 1048576K
}
Event: 983.812 GC heap before
{Heap before GC invocations=35 (full 0):
 garbage-first heap   total 194560K, used 34741K [0x00000000a0c00000, 0x0000000100000000)
  region size 1024K, 9 young (9216K), 2 survivors (2048K)
 Metaspace       used 23781K, capacity 24488K, committed 24700K, reserved 1071104K
  class space    used 2671K, capacity 2912K, committed 2944K, reserved 1048576K
}
Event: 984.914 GC heap after
{Heap after GC invocations=36 (full 0):
 garbage-first heap   total 194560K, used 28846K [0x00000000a0c00000, 0x0000000100000000)
  region size 1024K, 2 young (2048K), 2 survivors (2048K)
 Metaspace       used 23781K, capacity 24488K, committed 24700K, reserved 1071104K
  class space    used 2671K, capacity 2912K, committed 2944K, reserved 1048576K
}
Event: 1008.568 GC heap before
{Heap before GC invocations=36 (full 0):
 garbage-first heap   total 194560K, used 36014K [0x00000000a0c00000, 0x0000000100000000)
  region size 1024K, 9 young (9216K), 2 survivors (2048K)
 Metaspace       used 24499K, capacity 25148K, committed 25340K, reserved 1071104K
  class space    used 2756K, capacity 3002K, committed 3072K, reserved 1048576K
}

