# JRE version: Java(TM) SE Runtime Environment (12.0.2+10) (build 12.0.2+10)
# Java VM: Java HotSpot(TM) 64-Bit Server VM (12.0.2+10, mixed mode, sharing, tiered, compressed oops, g1 gc, windows-amd64)
Heap:
 garbage-first heap   total 327680K, used 31100K [0x00000000a0c00000, 0x0000000100000000)
  region size 1024K, 1 young (1024K), 1 survivors (1024K)
 Metaspace       used 24524K, capacity 25158K, committed 25340K, reserved 1071104K
  class space    used 2758K, capacity 3002K, committed 3072K, reserved 1048576K
GC Heap History (10 events):
Event: 868.101 GC heap after
{Heap after GC invocations=36 (full 0):
 garbage-first heap   total 141312K, used 26888K [0x00000000a0c00000, 0x0000000100000000)
  region size 1024K, 1 young (1024K), 1 survivors (1024K)
 Metaspace       used 22737K, capacity 23463K, committed 23548K, reserved 1071104K
  class space    used 2575K, capacity 2809K, committed 2816K, reserved 1048576K
}
Event: 876.504 GC heap before
{Heap before GC invocations=36 (full 0):
 garbage-first heap   total 141312K, used 32008K [0x00000000a0c00000, 0x0000000100000000)
  region size 1024K, 6 young (6144K), 1 survivors (1024K)
 Metaspace       used 22767K, capacity 23483K, committed 23548K, reserved 1071104K
  class space    used 2579K, capacity 2816K, committed 2816K, reserved 1048576K
}
Event: 877.099 GC heap after
{Heap after GC invocations=37 (full 0):
 garbage-first heap   total 141312K, used 28209K [0x00000000a0c00000, 0x0000000100000000)
  region size 1024K, 1 young (1024K), 1 survivors (1024K)
 Metaspace       used 22767K, capacity 23483K, committed 23548K, reserved 1071104K
  class space    used 2579K, capacity 2816K, committed 2816K, reserved 1048576K
}
Event: 885.298 GC heap before
{Heap before GC invocations=37 (full 0):
 garbage-first heap   total 141312K, used 33329K [0x00000000a0c00000, 0x0000000100000000)
  region size 1024K, 6 young (6144K), 1 survivors (1024K)
 Metaspace       used 22861K, capacity 23551K, committed 23804K, reserved 1071104K
  class space    used 2579K, capacity 2816K, committed 2816K, reserved 1048576K
}
Event: 885.311 GC heap after
{Heap after GC invocations=38 (full 0):
 garbage-first heap   total 141312K, used 29110K [0x00000000a0c00000, 0x0000000100000000)
  region size 1024K, 1 young (1024K), 1 survivors (1024K)
 Metaspace       used 22861K, capacity 23551K, committed 23804K, reserved 1071104K
  class space    used 2579K, capacity 2816K, committed 2816K, reserved 1048576K
}
Event: 917.910 GC heap before
{Heap before GC invocations=38 (full 0):
 garbage-first heap   total 141312K, used 34230K [0x00000000a0c00000, 0x0000000100000000)
  region size 1024K, 6 young (6144K), 1 survivors (1024K)
 Metaspace       used 23374K, capacity 24021K, committed 24188K, reserved 1071104K
  class space    used 2638K, capacity 2866K, committed 2944K, reserved 1048576K
}
Event: 923.918 GC heap after
{Heap after GC invocations=39 (full 0):
 garbage-first heap   total 141312K, used 30208K [0x00000000a0c00000, 0x0000000100000000)
  region size 1024K, 1 young (1024K), 1 survivors (1024K)
 Metaspace       used 23374K, capacity 24021K, committed 24188K, reserved 1071104K
  class space    used 2638K, capacity 2866K, committed 2944K, reserved 1048576K
}
Event: 1031.511 GC heap before
{Heap before GC invocations=39 (full 0):
 garbage-first heap   total 141312K, used 35328K [0x00000000a0c00000, 0x0000000100000000)
  region size 1024K, 6 young (6144K), 1 survivors (1024K)
 Metaspace       used 24340K, capacity 24943K, committed 25084K, reserved 1071104K
  class space    used 2751K, capacity 3001K, committed 3072K, reserved 1048576K
}
Event: 1033.818 GC heap after
{Heap after GC invocations=40 (full 0):
 garbage-first heap   total 141312K, used 30930K [0x00000000a0c00000, 0x0000000100000000)
  region size 1024K, 1 young (1024K), 1 survivors (1024K)
 Metaspace       used 24340K, capacity 24943K, committed 25084K, reserved 1071104K
  class space    used 2751K, capacity 3001K, committed 3072K, reserved 1048576K
}
Event: 1042.536 GC heap before
{Heap before GC invocations=40 (full 0):
 garbage-first heap   total 141312K, used 36050K [0x00000000a0c00000, 0x0000000100000000)
  region size 1024K, 6 young (6144K), 1 survivors (1024K)
 Metaspace       used 24524K, capacity 25158K, committed 25340K, reserved 1071104K
  class space    used 2758K, capacity 3002K, committed 3072K, reserved 1048576K
}

