# JRE version: Java(TM) SE Runtime Environment (12.0.2+10) (build 12.0.2+10)
# Java VM: Java HotSpot(TM) 64-Bit Server VM (12.0.2+10, mixed mode, sharing, tiered, compressed oops, g1 gc, windows-amd64)
Heap:
 garbage-first heap   total 129024K, used 28729K [0x00000000a0c00000, 0x0000000100000000)
  region size 1024K, 3 young (3072K), 1 survivors (1024K)
 Metaspace       used 24683K, capacity 25362K, committed 25596K, reserved 1071104K
  class space    used 2761K, capacity 3003K, committed 3072K, reserved 1048576K
GC Heap History (10 events):
Event: 914.906 GC heap before
{Heap before GC invocations=40 (full 0):
 garbage-first heap   total 66560K, used 27125K [0x00000000a0c00000, 0x0000000100000000)
  region size 1024K, 3 young (3072K), 1 survivors (1024K)
 Metaspace       used 23360K, capacity 24021K, committed 24188K, reserved 1071104K
  class space    used 2631K, capacity 2866K, committed 2944K, reserved 1048576K
}
Event: 915.145 GC heap after
{Heap after GC invocations=41 (full 0):
 garbage-first heap   total 66560K, used 25482K [0x00000000a0c00000, 0x0000000100000000)
  region size 1024K, 1 young (1024K), 1 survivors (1024K)
 Metaspace       used 23360K, capacity 24021K, committed 24188K, reserved 1071104K
  class space    used 2631K, capacity 2866K, committed 2944K, reserved 1048576K
}
Event: 928.368 GC heap before
{Heap before GC invocations=41 (full 0):
 garbage-first heap   total 66560K, used 27530K [0x00000000a0c00000, 0x0000000100000000)
  region size 1024K, 3 young (3072K), 1 survivors (1024K)
 Metaspace       used 23531K, capacity 24126K, committed 24444K, reserved 1071104K
  class space    used 2641K, capacity 2878K, committed 2944K, reserved 1048576K
}
Event: 935.650 GC heap after
{Heap after GC invocations=42 (full 0):
 garbage-first heap   total 129024K, used 25740K [0x00000000a0c00000, 0x0000000100000000)
  region size 1024K, 1 young (1024K), 1 survivors (1024K)
 Metaspace       used 23531K, capacity 24126K, committed 24444K, reserved 1071104K
  class space    used 2641K, capacity 2878K, committed 2944K, reserved 1048576K
}
Event: 977.296 GC heap before
{Heap before GC invocations=42 (full 0):
 garbage-first heap   total 129024K, used 30860K [0x00000000a0c00000, 0x0000000100000000)
  region size 1024K, 6 young (6144K), 1 survivors (1024K)
 Metaspace       used 24375K, capacity 25011K, committed 25084K, reserved 1071104K
  class space    used 2745K, capacity 3001K, committed 3072K, reserved 1048576K
}
Event: 978.664 GC heap after
{Heap after GC invocations=43 (full 0):
 garbage-first heap   total 129024K, used 26362K [0x00000000a0c00000, 0x0000000100000000)
  region size 1024K, 1 young (1024K), 1 survivors (1024K)
 Metaspace       used 24375K, capacity 25011K, committed 25084K, reserved 1071104K
  class space    used 2745K, capacity 3001K, committed 3072K, reserved 1048576K
}
Event: 1013.061 GC heap before
{Heap before GC invocations=43 (full 0):
 garbage-first heap   total 129024K, used 31482K [0x00000000a0c00000, 0x0000000100000000)
  region size 1024K, 6 young (6144K), 1 survivors (1024K)
 Metaspace       used 24485K, capacity 25090K, committed 25340K, reserved 1071104K
  class space    used 2752K, capacity 3002K, committed 3072K, reserved 1048576K
}
Event: 1015.974 GC heap after
{Heap after GC invocations=44 (full 0):
 garbage-first heap   total 129024K, used 26459K [0x00000000a0c00000, 0x0000000100000000)
  region size 1024K, 1 young (1024K), 1 survivors (1024K)
 Metaspace       used 24485K, capacity 25090K, committed 25340K, reserved 1071104K
  class space    used 2752K, capacity 3002K, committed 3072K, reserved 1048576K
}
Event: 1019.949 GC heap before
{Heap before GC invocations=44 (full 0):
 garbage-first heap   total 129024K, used 32603K [0x00000000a0c00000, 0x0000000100000000)
  region size 1024K, 6 young (6144K), 1 survivors (1024K)
 Metaspace       used 24617K, capacity 25298K, committed 25596K, reserved 1071104K
  class space    used 2754K, capacity 3003K, committed 3072K, reserved 1048576K
}
Event: 1019.952 GC heap after
{Heap after GC invocations=45 (full 0):
 garbage-first heap   total 129024K, used 27705K [0x00000000a0c00000, 0x0000000100000000)
  region size 1024K, 1 young (1024K), 1 survivors (1024K)
 Metaspace       used 24617K, capacity 25298K, committed 25596K, reserved 1071104K
  class space    used 2754K, capacity 3003K, committed 3072K, reserved 1048576K
}

