# JRE version: Java(TM) SE Runtime Environment (12.0.2+10) (build 12.0.2+10)
# Java VM: Java HotSpot(TM) 64-Bit Server VM (12.0.2+10, mixed mode, sharing, tiered, compressed oops, g1 gc, windows-amd64)
Heap:
 garbage-first heap   total 157696K, used 31474K [0x00000000a0c00000, 0x0000000100000000)
  region size 1024K, 1 young (1024K), 1 survivors (1024K)
 Metaspace       used 24484K, capacity 25147K, committed 25236K, reserved 1071104K
  class space    used 2756K, capacity 3002K, committed 3072K, reserved 1048576K
GC Heap History (10 events):
Event: 869.801 GC heap after
{Heap after GC invocations=32 (full 0):
 garbage-first heap   total 110592K, used 29104K [0x00000000a0c00000, 0x0000000100000000)
  region size 1024K, 1 young (1024K), 1 survivors (1024K)
 Metaspace       used 22844K, capacity 23551K, committed 23700K, reserved 1071104K
  class space    used 2578K, capacity 2816K, committed 2816K, reserved 1048576K
}
Event: 874.110 GC heap before
{Heap before GC invocations=32 (full 0):
 garbage-first heap   total 110592K, used 33200K [0x00000000a0c00000, 0x0000000100000000)
  region size 1024K, 5 young (5120K), 1 survivors (1024K)
 Metaspace       used 22850K, capacity 23551K, committed 23700K, reserved 1071104K
  class space    used 2578K, capacity 2816K, committed 2816K, reserved 1048576K
}
Event: 874.130 GC heap after
{Heap after GC invocations=33 (full 0):
 garbage-first heap   total 110592K, used 29619K [0x00000000a0c00000, 0x0000000100000000)
  region size 1024K, 1 young (1024K), 1 survivors (1024K)
 Metaspace       used 22850K, capacity 23551K, committed 23700K, reserved 1071104K
  class space    used 2578K, capacity 2816K, committed 2816K, reserved 1048576K
}
Event: 900.851 GC heap before
{Heap before GC invocations=33 (full 0):
 garbage-first heap   total 110592K, used 33715K [0x00000000a0c00000, 0x0000000100000000)
  region size 1024K, 5 young (5120K), 1 survivors (1024K)
 Metaspace       used 23326K, capacity 24021K, committed 24340K, reserved 1071104K
  class space    used 2637K, capacity 2866K, committed 2944K, reserved 1048576K
}
Event: 904.954 GC heap after
{Heap after GC invocations=34 (full 0):
 garbage-first heap   total 110592K, used 30526K [0x00000000a0c00000, 0x0000000100000000)
  region size 1024K, 1 young (1024K), 1 survivors (1024K)
 Metaspace       used 23326K, capacity 24021K, committed 24340K, reserved 1071104K
  class space    used 2637K, capacity 2866K, committed 2944K, reserved 1048576K
}
Event: 925.862 GC heap before
{Heap before GC invocations=34 (full 0):
 garbage-first heap   total 110592K, used 34622K [0x00000000a0c00000, 0x0000000100000000)
  region size 1024K, 5 young (5120K), 1 survivors (1024K)
 Metaspace       used 23787K, capacity 24427K, committed 24596K, reserved 1071104K
  class space    used 2672K, capacity 2912K, committed 2944K, reserved 1048576K
}
Event: 925.884 GC heap after
{Heap after GC invocations=35 (full 0):
 garbage-first heap   total 110592K, used 31187K [0x00000000a0c00000, 0x0000000100000000)
  region size 1024K, 1 young (1024K), 1 survivors (1024K)
 Metaspace       used 23787K, capacity 24427K, committed 24596K, reserved 1071104K
  class space    used 2672K, capacity 2912K, committed 2944K, reserved 1048576K
}
Event: 955.612 GC heap before
{Heap before GC invocations=35 (full 0):
 garbage-first heap   total 110592K, used 35283K [0x00000000a0c00000, 0x0000000100000000)
  region size 1024K, 5 young (5120K), 1 survivors (1024K)
 Metaspace       used 24364K, capacity 25013K, committed 25236K, reserved 1071104K
  class space    used 2749K, capacity 3001K, committed 3072K, reserved 1048576K
}
Event: 955.619 GC heap after
{Heap after GC invocations=36 (full 0):
 garbage-first heap   total 110592K, used 31436K [0x00000000a0c00000, 0x0000000100000000)
  region size 1024K, 1 young (1024K), 1 survivors (1024K)
 Metaspace       used 24364K, capacity 25013K, committed 25236K, reserved 1071104K
  class space    used 2749K, capacity 3001K, committed 3072K, reserved 1048576K
}
Event: 996.169 GC heap before
{Heap before GC invocations=36 (full 0):
 garbage-first heap   total 110592K, used 35532K [0x00000000a0c00000, 0x0000000100000000)
  region size 1024K, 5 young (5120K), 1 survivors (1024K)
 Metaspace       used 24484K, capacity 25147K, committed 25236K, reserved 1071104K
  class space    used 2756K, capacity 3002K, committed 3072K, reserved 1048576K
}

