# JRE version: Java(TM) SE Runtime Environment (12.0.2+10) (build 12.0.2+10)
# Java VM: Java HotSpot(TM) 64-Bit Server VM (12.0.2+10, mixed mode, sharing, tiered, compressed oops, g1 gc, windows-amd64)
Heap:
 garbage-first heap   total 359424K, used 36432K [0x00000000a0c00000, 0x0000000100000000)
  region size 1024K, 10 young (10240K), 3 survivors (3072K)
 Metaspace       used 24708K, capacity 25361K, committed 25492K, reserved 1071104K
  class space    used 2764K, capacity 3003K, committed 3072K, reserved 1048576K
GC Heap History (10 events):
Event: 842.720 GC heap before
{Heap before GC invocations=28 (full 0):
 garbage-first heap   total 141312K, used 28197K [0x00000000a0c00000, 0x0000000100000000)
  region size 1024K, 6 young (6144K), 1 survivors (1024K)
 Metaspace       used 22685K, capacity 23450K, committed 23700K, reserved 1071104K
  class space    used 2565K, capacity 2804K, committed 2816K, reserved 1048576K
}
Event: 842.725 GC heap after
{Heap after GC invocations=29 (full 0):
 garbage-first heap   total 141312K, used 24077K [0x00000000a0c00000, 0x0000000100000000)
  region size 1024K, 1 young (1024K), 1 survivors (1024K)
 Metaspace       used 22685K, capacity 23450K, committed 23700K, reserved 1071104K
  class space    used 2565K, capacity 2804K, committed 2816K, reserved 1048576K
}
Event: 853.867 GC heap before
{Heap before GC invocations=29 (full 0):
 garbage-first heap   total 141312K, used 28173K [0x00000000a0c00000, 0x0000000100000000)
  region size 1024K, 6 young (6144K), 1 survivors (1024K)
 Metaspace       used 22771K, capacity 23527K, committed 23700K, reserved 1071104K
  class space    used 2571K, capacity 2809K, committed 2816K, reserved 1048576K
}
Event: 855.158 GC heap after
{Heap after GC invocations=30 (full 0):
 garbage-first heap   total 141312K, used 25138K [0x00000000a0c00000, 0x0000000100000000)
  region size 1024K, 1 young (1024K), 1 survivors (1024K)
 Metaspace       used 22771K, capacity 23527K, committed 23700K, reserved 1071104K
  class space    used 2571K, capacity 2809K, committed 2816K, reserved 1048576K
}
Event: 859.538 GC heap before
{Heap before GC invocations=30 (full 0):
 garbage-first heap   total 141312K, used 29234K [0x00000000a0c00000, 0x0000000100000000)
  region size 1024K, 6 young (6144K), 1 survivors (1024K)
 Metaspace       used 22803K, capacity 23547K, committed 23700K, reserved 1071104K
  class space    used 2575K, capacity 2816K, committed 2816K, reserved 1048576K
}
Event: 859.669 GC heap after
{Heap after GC invocations=31 (full 0):
 garbage-first heap   total 141312K, used 26266K [0x00000000a0c00000, 0x0000000100000000)
  region size 1024K, 1 young (1024K), 1 survivors (1024K)
 Metaspace       used 22803K, capacity 23547K, committed 23700K, reserved 1071104K
  class space    used 2575K, capacity 2816K, committed 2816K, reserved 1048576K
}
Event: 872.732 GC heap before
{Heap before GC invocations=31 (full 0):
 garbage-first heap   total 141312K, used 31386K [0x00000000a0c00000, 0x0000000100000000)
  region size 1024K, 6 young (6144K), 1 survivors (1024K)
 Metaspace       used 22959K, capacity 23680K, committed 23700K, reserved 1071104K
  class space    used 2575K, capacity 2816K, committed 2816K, reserved 1048576K
}
Event: 877.342 GC heap after
{Heap after GC invocations=32 (full 0):
 garbage-first heap   total 359424K, used 27370K [0x00000000a0c00000, 0x0000000100000000)
  region size 1024K, 1 young (1024K), 1 survivors (1024K)
 Metaspace       used 22959K, capacity 23680K, committed 23700K, reserved 1071104K
  class space    used 2575K, capacity 2816K, committed 2816K, reserved 1048576K
}
Event: 1011.431 GC heap before
{Heap before GC invocations=32 (full 0):
 garbage-first heap   total 359424K, used 43754K [0x00000000a0c00000, 0x0000000100000000)
  region size 1024K, 17 young (17408K), 1 survivors (1024K)
 Metaspace       used 24607K, capacity 25224K, committed 25492K, reserved 1071104K
  class space    used 2754K, capacity 3002K, committed 3072K, reserved 1048576K
}
Event: 1016.209 GC heap after
{Heap after GC invocations=33 (full 0):
 garbage-first heap   total 359424K, used 29264K [0x00000000a0c00000, 0x0000000100000000)
  region size 1024K, 3 young (3072K), 3 survivors (3072K)
 Metaspace       used 24607K, capacity 25224K, committed 25492K, reserved 1071104K
  class space    used 2754K, capacity 3002K, committed 3072K, reserved 1048576K
}

