# JRE version: Java(TM) SE Runtime Environment (12.0.2+10) (build 12.0.2+10)
# Java VM: Java HotSpot(TM) 64-Bit Server VM (12.0.2+10, mixed mode, sharing, tiered, compressed oops, g1 gc, windows-amd64)
Heap:
 garbage-first heap   total 253952K, used 31018K [0x00000000a0c00000, 0x0000000100000000)
  region size 1024K, 1 young (1024K), 1 survivors (1024K)
 Metaspace       used 24529K, capacity 25206K, committed 25340K, reserved 1071104K
  class space    used 2755K, capacity 3002K, committed 3072K, reserved 1048576K
GC Heap History (10 events):
Event: 901.697 GC heap after
{Heap after GC invocations=42 (full 0):
 garbage-first heap   total 102400K, used 28395K [0x00000000a0c00000, 0x0000000100000000)
  region size 1024K, 1 young (1024K), 1 survivors (1024K)
 Metaspace       used 22874K, capacity 23615K, committed 23804K, reserved 1071104K
  class space    used 2577K, capacity 2816K, committed 2816K, reserved 1048576K
}
Event: 902.040 GC heap before
{Heap before GC invocations=42 (full 0):
 garbage-first heap   total 102400K, used 32491K [0x00000000a0c00000, 0x0000000100000000)
  region size 1024K, 5 young (5120K), 1 survivors (1024K)
 Metaspace       used 22877K, capacity 23615K, committed 23804K, reserved 1071104K
  class space    used 2577K, capacity 2816K, committed 2816K, reserved 1048576K
}
Event: 902.055 GC heap after
{Heap after GC invocations=43 (full 0):
 garbage-first heap   total 102400K, used 29130K [0x00000000a0c00000, 0x0000000100000000)
  region size 1024K, 1 young (1024K), 1 survivors (1024K)
 Metaspace       used 22877K, capacity 23615K, committed 23804K, reserved 1071104K
  class space    used 2577K, capacity 2816K, committed 2816K, reserved 1048576K
}
Event: 913.480 GC heap before
{Heap before GC invocations=43 (full 0):
 garbage-first heap   total 102400K, used 33226K [0x00000000a0c00000, 0x0000000100000000)
  region size 1024K, 5 young (5120K), 1 survivors (1024K)
 Metaspace       used 23386K, capacity 24085K, committed 24188K, reserved 1071104K
  class space    used 2636K, capacity 2866K, committed 2944K, reserved 1048576K
}
Event: 916.420 GC heap after
{Heap after GC invocations=44 (full 0):
 garbage-first heap   total 102400K, used 30090K [0x00000000a0c00000, 0x0000000100000000)
  region size 1024K, 1 young (1024K), 1 survivors (1024K)
 Metaspace       used 23386K, capacity 24085K, committed 24188K, reserved 1071104K
  class space    used 2636K, capacity 2866K, committed 2944K, reserved 1048576K
}
Event: 961.988 GC heap before
{Heap before GC invocations=44 (full 0):
 garbage-first heap   total 102400K, used 34186K [0x00000000a0c00000, 0x0000000100000000)
  region size 1024K, 5 young (5120K), 1 survivors (1024K)
 Metaspace       used 23806K, capacity 24486K, committed 24700K, reserved 1071104K
  class space    used 2671K, capacity 2912K, committed 2944K, reserved 1048576K
}
Event: 962.075 GC heap after
{Heap after GC invocations=45 (full 0):
 garbage-first heap   total 102400K, used 30698K [0x00000000a0c00000, 0x0000000100000000)
  region size 1024K, 1 young (1024K), 1 survivors (1024K)
 Metaspace       used 23806K, capacity 24486K, committed 24700K, reserved 1071104K
  class space    used 2671K, capacity 2912K, committed 2944K, reserved 1048576K
}
Event: 981.625 GC heap before
{Heap before GC invocations=45 (full 0):
 garbage-first heap   total 102400K, used 34794K [0x00000000a0c00000, 0x0000000100000000)
  region size 1024K, 5 young (5120K), 1 survivors (1024K)
 Metaspace       used 24455K, capacity 25138K, committed 25340K, reserved 1071104K
  class space    used 2748K, capacity 3001K, committed 3072K, reserved 1048576K
}
Event: 983.291 GC heap after
{Heap after GC invocations=46 (full 0):
 garbage-first heap   total 102400K, used 30995K [0x00000000a0c00000, 0x0000000100000000)
  region size 1024K, 1 young (1024K), 1 survivors (1024K)
 Metaspace       used 24455K, capacity 25138K, committed 25340K, reserved 1071104K
  class space    used 2748K, capacity 3001K, committed 3072K, reserved 1048576K
}
Event: 1019.518 GC heap before
{Heap before GC invocations=46 (full 0):
 garbage-first heap   total 102400K, used 35091K [0x00000000a0c00000, 0x0000000100000000)
  region size 1024K, 5 young (5120K), 1 survivors (1024K)
 Metaspace       used 24529K, capacity 25206K, committed 25340K, reserved 1071104K
  class space    used 2755K, capacity 3002K, committed 3072K, reserved 1048576K
}

