# JRE version: Java(TM) SE Runtime Environment (12.0.2+10) (build 12.0.2+10)
# Java VM: Java HotSpot(TM) 64-Bit Server VM (12.0.2+10, mixed mode, sharing, tiered, compressed oops, g1 gc, windows-amd64)
Heap:
 garbage-first heap   total 256000K, used 30488K [0x00000000a0c00000, 0x0000000100000000)
  region size 1024K, 1 young (1024K), 1 survivors (1024K)
 Metaspace       used 24666K, capacity 25361K, committed 25596K, reserved 1071104K
  class space    used 2765K, capacity 3003K, committed 3072K, reserved 1048576K
GC Heap History (10 events):
Event: 886.179 GC heap after
{Heap after GC invocations=41 (full 0):
 garbage-first heap   total 123904K, used 27058K [0x00000000a0c00000, 0x0000000100000000)
  region size 1024K, 1 young (1024K), 1 survivors (1024K)
 Metaspace       used 22859K, capacity 23615K, committed 23804K, reserved 1071104K
  class space    used 2576K, capacity 2816K, committed 2816K, reserved 1048576K
}
Event: 908.118 GC heap before
{Heap before GC invocations=41 (full 0):
 garbage-first heap   total 123904K, used 32178K [0x00000000a0c00000, 0x0000000100000000)
  region size 1024K, 6 young (6144K), 1 survivors (1024K)
 Metaspace       used 23311K, capacity 24010K, committed 24188K, reserved 1071104K
  class space    used 2623K, capacity 2862K, committed 2944K, reserved 1048576K
}
Event: 908.201 GC heap after
{Heap after GC invocations=42 (full 0):
 garbage-first heap   total 123904K, used 27777K [0x00000000a0c00000, 0x0000000100000000)
  region size 1024K, 1 young (1024K), 1 survivors (1024K)
 Metaspace       used 23311K, capacity 24010K, committed 24188K, reserved 1071104K
  class space    used 2623K, capacity 2862K, committed 2944K, reserved 1048576K
}
Event: 967.566 GC heap before
{Heap before GC invocations=42 (full 0):
 garbage-first heap   total 123904K, used 32897K [0x00000000a0c00000, 0x0000000100000000)
  region size 1024K, 6 young (6144K), 1 survivors (1024K)
 Metaspace       used 23759K, capacity 24424K, committed 24700K, reserved 1071104K
  class space    used 2668K, capacity 2912K, committed 2944K, reserved 1048576K
}
Event: 967.592 GC heap after
{Heap after GC invocations=43 (full 0):
 garbage-first heap   total 123904K, used 28627K [0x00000000a0c00000, 0x0000000100000000)
  region size 1024K, 1 young (1024K), 1 survivors (1024K)
 Metaspace       used 23759K, capacity 24424K, committed 24700K, reserved 1071104K
  class space    used 2668K, capacity 2912K, committed 2944K, reserved 1048576K
}
Event: 984.950 GC heap before
{Heap before GC invocations=43 (full 0):
 garbage-first heap   total 123904K, used 33747K [0x00000000a0c00000, 0x0000000100000000)
  region size 1024K, 6 young (6144K), 1 survivors (1024K)
 Metaspace       used 24462K, capacity 25143K, committed 25340K, reserved 1071104K
  class space    used 2755K, capacity 3002K, committed 3072K, reserved 1048576K
}
Event: 986.386 GC heap after
{Heap after GC invocations=44 (full 0):
 garbage-first heap   total 123904K, used 28986K [0x00000000a0c00000, 0x0000000100000000)
  region size 1024K, 1 young (1024K), 1 survivors (1024K)
 Metaspace       used 24462K, capacity 25143K, committed 25340K, reserved 1071104K
  class space    used 2755K, capacity 3002K, committed 3072K, reserved 1048576K
}
Event: 987.845 GC heap before
{Heap before GC invocations=44 (full 0):
 garbage-first heap   total 123904K, used 34106K [0x00000000a0c00000, 0x0000000100000000)
  region size 1024K, 6 young (6144K), 1 survivors (1024K)
 Metaspace       used 24546K, capacity 25220K, committed 25340K, reserved 1071104K
  class space    used 2755K, capacity 3002K, committed 3072K, reserved 1048576K
}
Event: 988.897 GC heap after
{Heap after GC invocations=45 (full 0):
 garbage-first heap   total 123904K, used 28977K [0x00000000a0c00000, 0x0000000100000000)
  region size 1024K, 1 young (1024K), 1 survivors (1024K)
 Metaspace       used 24546K, capacity 25220K, committed 25340K, reserved 1071104K
  class space    used 2755K, capacity 3002K, committed 3072K, reserved 1048576K
}
Event: 1025.132 GC heap before
{Heap before GC invocations=45 (full 0):
 garbage-first heap   total 123904K, used 35121K [0x00000000a0c00000, 0x0000000100000000)
  region size 1024K, 6 young (6144K), 1 survivors (1024K)
 Metaspace       used 24666K, capacity 25361K, committed 25596K, reserved 1071104K
  class space    used 2765K, capacity 3003K, committed 3072K, reserved 1048576K
}

