# JRE version: Java(TM) SE Runtime Environment (12.0.2+10) (build 12.0.2+10)
# Java VM: Java HotSpot(TM) 64-Bit Server VM (12.0.2+10, mixed mode, sharing, tiered, compressed oops, g1 gc, windows-amd64)
Heap:
 garbage-first heap   total 497664K, used 46507K [0x00000000a0c00000, 0x0000000100000000)
  region size 1024K, 18 young (18432K), 1 survivors (1024K)
 Metaspace       used 24740K, capacity 25426K, committed 25748K, reserved 1073152K
  class space    used 2763K, capacity 3003K, committed 3072K, reserved 1048576K
GC Heap History (10 events):
Event: 849.758 GC heap before
{Heap before GC invocations=39 (full 0):
 garbage-first heap   total 55296K, used 24179K [0x00000000a0c00000, 0x0000000100000000)
  region size 1024K, 2 young (2048K), 1 survivors (1024K)
 Metaspace       used 22483K, capacity 23203K, committed 23444K, reserved 1071104K
  class space    used 2545K, capacity 2765K, committed 2816K, reserved 1048576K
}
Event: 852.438 GC heap after
{Heap after GC invocations=40 (full 0):
 garbage-first heap   total 165888K, used 23359K [0x00000000a0c00000, 0x0000000100000000)
  region size 1024K, 1 young (1024K), 1 survivors (1024K)
 Metaspace       used 22483K, capacity 23203K, committed 23444K, reserved 1071104K
  class space    used 2545K, capacity 2765K, committed 2816K, reserved 1048576K
}
Event: 857.421 GC heap before
{Heap before GC invocations=40 (full 0):
 garbage-first heap   total 165888K, used 29503K [0x00000000a0c00000, 0x0000000100000000)
  region size 1024K, 8 young (8192K), 1 survivors (1024K)
 Metaspace       used 22697K, capacity 23450K, committed 23700K, reserved 1071104K
  class space    used 2564K, capacity 2804K, committed 2816K, reserved 1048576K
}
Event: 858.958 GC heap after
{Heap after GC invocations=41 (full 0):
 garbage-first heap   total 165888K, used 24692K [0x00000000a0c00000, 0x0000000100000000)
  region size 1024K, 1 young (1024K), 1 survivors (1024K)
 Metaspace       used 22697K, capacity 23450K, committed 23700K, reserved 1071104K
  class space    used 2564K, capacity 2804K, committed 2816K, reserved 1048576K
}
Event: 862.891 GC heap before
{Heap before GC invocations=41 (full 0):
 garbage-first heap   total 165888K, used 30836K [0x00000000a0c00000, 0x0000000100000000)
  region size 1024K, 8 young (8192K), 1 survivors (1024K)
 Metaspace       used 22767K, capacity 23541K, committed 23700K, reserved 1071104K
  class space    used 2571K, capacity 2814K, committed 2816K, reserved 1048576K
}
Event: 863.287 GC heap after
{Heap after GC invocations=42 (full 0):
 garbage-first heap   total 165888K, used 26027K [0x00000000a0c00000, 0x0000000100000000)
  region size 1024K, 1 young (1024K), 1 survivors (1024K)
 Metaspace       used 22767K, capacity 23541K, committed 23700K, reserved 1071104K
  class space    used 2571K, capacity 2814K, committed 2816K, reserved 1048576K
}
Event: 879.951 GC heap before
{Heap before GC invocations=42 (full 0):
 garbage-first heap   total 165888K, used 33195K [0x00000000a0c00000, 0x0000000100000000)
  region size 1024K, 8 young (8192K), 1 survivors (1024K)
 Metaspace       used 22900K, capacity 23615K, committed 23700K, reserved 1071104K
  class space    used 2573K, capacity 2816K, committed 2816K, reserved 1048576K
}
Event: 884.723 GC heap after
{Heap after GC invocations=43 (full 0):
 garbage-first heap   total 165888K, used 27861K [0x00000000a0c00000, 0x0000000100000000)
  region size 1024K, 1 young (1024K), 1 survivors (1024K)
 Metaspace       used 22900K, capacity 23615K, committed 23700K, reserved 1071104K
  class space    used 2573K, capacity 2816K, committed 2816K, reserved 1048576K
}
Event: 929.777 GC heap before
{Heap before GC invocations=43 (full 0):
 garbage-first heap   total 165888K, used 35029K [0x00000000a0c00000, 0x0000000100000000)
  region size 1024K, 8 young (8192K), 1 survivors (1024K)
 Metaspace       used 23563K, capacity 24258K, committed 24340K, reserved 1071104K
  class space    used 2642K, capacity 2879K, committed 2944K, reserved 1048576K
}
Event: 933.261 GC heap after
{Heap after GC invocations=44 (full 0):
 garbage-first heap   total 497664K, used 29099K [0x00000000a0c00000, 0x0000000100000000)
  region size 1024K, 1 young (1024K), 1 survivors (1024K)
 Metaspace       used 23563K, capacity 24258K, committed 24340K, reserved 1071104K
  class space    used 2642K, capacity 2879K, committed 2944K, reserved 1048576K
}

